# JRE version: Java(TM) SE Runtime Environment (8.0_60-b27) (build 1.8.0_60-b27)
# Java VM: Java HotSpot(TM) 64-Bit Server VM (25.60-b23 mixed mode windows-amd64 compressed oops)
Heap:
 PSYoungGen      total 323584K, used 30548K [0x00000000eab00000, 0x0000000100000000, 0x0000000100000000)
  eden space 297984K, 6% used [0x00000000eab00000,0x00000000ebc81c20,0x00000000fce00000)
  from space 25600K, 49% used [0x00000000fe700000,0x00000000ff353720,0x0000000100000000)
  to   space 25600K, 0% used [0x00000000fce00000,0x00000000fce00000,0x00000000fe700000)
 ParOldGen       total 78336K, used 46704K [0x00000000c0000000, 0x00000000c4c80000, 0x00000000eab00000)
  object space 78336K, 59% used [0x00000000c0000000,0x00000000c2d9c0c0,0x00000000c4c80000)
 Metaspace       used 46876K, capacity 49256K, committed 49320K, reserved 1091584K
  class space    used 6472K, capacity 7313K, committed 7336K, reserved 1048576K
GC Heap History (10 events):
Event: 45.926 GC heap before
{Heap before GC invocations=11 (full 2):
 PSYoungGen      total 263680K, used 13811K [0x00000000eab00000, 0x0000000100000000, 0x0000000100000000)
  eden space 249856K, 0% used [0x00000000eab00000,0x00000000eab00000,0x00000000f9f00000)
  from space 13824K, 99% used [0x00000000f9f00000,0x00000000fac7cf98,0x00000000fac80000)
  to   space 17408K, 0% used [0x00000000fef00000,0x00000000fef00000,0x0000000100000000)
 ParOldGen       total 47104K, used 15651K [0x00000000c0000000, 0x00000000c2e00000, 0x00000000eab00000)
  object space 47104K, 33% used [0x00000000c0000000,0x00000000c0f48e20,0x00000000c2e00000)
 Metaspace       used 34368K, capacity 35412K, committed 35496K, reserved 1079296K
  class space    used 4580K, capacity 5018K, committed 5032K, reserved 1048576K
Event: 46.318 GC heap after
Heap after GC invocations=11 (full 2):
 PSYoungGen      total 263680K, used 0K [0x00000000eab00000, 0x0000000100000000, 0x0000000100000000)
  eden space 249856K, 0% used [0x00000000eab00000,0x00000000eab00000,0x00000000f9f00000)
  from space 13824K, 0% used [0x00000000f9f00000,0x00000000f9f00000,0x00000000fac80000)
  to   space 17408K, 0% used [0x00000000fef00000,0x00000000fef00000,0x0000000100000000)
 ParOldGen       total 78336K, used 23659K [0x00000000c0000000, 0x00000000c4c80000, 0x00000000eab00000)
  object space 78336K, 30% used [0x00000000c0000000,0x00000000c171adb0,0x00000000c4c80000)
 Metaspace       used 34287K, capacity 35184K, committed 35496K, reserved 1079296K
  class space    used 4563K, capacity 4950K, committed 5032K, reserved 1048576K
}
Event: 55.235 GC heap before
{Heap before GC invocations=12 (full 2):
 PSYoungGen      total 263680K, used 249856K [0x00000000eab00000, 0x0000000100000000, 0x0000000100000000)
  eden space 249856K, 100% used [0x00000000eab00000,0x00000000f9f00000,0x00000000f9f00000)
  from space 13824K, 0% used [0x00000000f9f00000,0x00000000f9f00000,0x00000000fac80000)
  to   space 17408K, 0% used [0x00000000fef00000,0x00000000fef00000,0x0000000100000000)
 ParOldGen       total 78336K, used 23659K [0x00000000c0000000, 0x00000000c4c80000, 0x00000000eab00000)
  object space 78336K, 30% used [0x00000000c0000000,0x00000000c171adb0,0x00000000c4c80000)
 Metaspace       used 43551K, capacity 45440K, committed 45480K, reserved 1087488K
  class space    used 6050K, capacity 6819K, committed 6824K, reserved 1048576K
Event: 55.286 GC heap after
Heap after GC invocations=12 (full 2):
 PSYoungGen      total 315392K, used 17376K [0x00000000eab00000, 0x0000000100000000, 0x0000000100000000)
  eden space 297984K, 0% used [0x00000000eab00000,0x00000000eab00000,0x00000000fce00000)
  from space 17408K, 99% used [0x00000000fef00000,0x00000000ffff8020,0x0000000100000000)
  to   space 25600K, 0% used [0x00000000fce00000,0x00000000fce00000,0x00000000fe700000)
 ParOldGen       total 78336K, used 38336K [0x00000000c0000000, 0x00000000c4c80000, 0x00000000eab00000)
  object space 78336K, 48% used [0x00000000c0000000,0x00000000c25702b8,0x00000000c4c80000)
 Metaspace       used 43551K, capacity 45440K, committed 45480K, reserved 1087488K
  class space    used 6050K, capacity 6819K, committed 6824K, reserved 1048576K
}
Event: 55.321 GC heap before
{Heap before GC invocations=13 (full 2):
 PSYoungGen      total 315392K, used 27573K [0x00000000eab00000, 0x0000000100000000, 0x0000000100000000)
  eden space 297984K, 3% used [0x00000000eab00000,0x00000000eb4f5408,0x00000000fce00000)
  from space 17408K, 99% used [0x00000000fef00000,0x00000000ffff8020,0x0000000100000000)
  to   space 25600K, 0% used [0x00000000fce00000,0x00000000fce00000,0x00000000fe700000)
 ParOldGen       total 78336K, used 38336K [0x00000000c0000000, 0x00000000c4c80000, 0x00000000eab00000)
  object space 78336K, 48% used [0x00000000c0000000,0x00000000c25702b8,0x00000000c4c80000)
 Metaspace       used 43643K, capacity 45586K, committed 45736K, reserved 1087488K
  class space    used 6061K, capacity 6822K, committed 6824K, reserved 1048576K
Event: 55.349 GC heap after
Heap after GC invocations=13 (full 2):
 PSYoungGen      total 323584K, used 286K [0x00000000eab00000, 0x0000000100000000, 0x0000000100000000)
  eden space 297984K, 0% used [0x00000000eab00000,0x00000000eab00000,0x00000000fce00000)
  from space 25600K, 1% used [0x00000000fce00000,0x00000000fce47910,0x00000000fe700000)
  to   space 25600K, 0% used [0x00000000fe700000,0x00000000fe700000,0x0000000100000000)
 ParOldGen       total 78336K, used 55704K [0x00000000c0000000, 0x00000000c4c80000, 0x00000000eab00000)
  object space 78336K, 71% used [0x00000000c0000000,0x00000000c3666280,0x00000000c4c80000)
 Metaspace       used 43643K, capacity 45586K, committed 45736K, reserved 1087488K
  class space    used 6061K, capacity 6822K, committed 6824K, reserved 1048576K
}
Event: 55.349 GC heap before
{Heap before GC invocations=14 (full 3):
 PSYoungGen      total 323584K, used 286K [0x00000000eab00000, 0x0000000100000000, 0x0000000100000000)
  eden space 297984K, 0% used [0x00000000eab00000,0x00000000eab00000,0x00000000fce00000)
  from space 25600K, 1% used [0x00000000fce00000,0x00000000fce47910,0x00000000fe700000)
  to   space 25600K, 0% used [0x00000000fe700000,0x00000000fe700000,0x0000000100000000)
 ParOldGen       total 78336K, used 55704K [0x00000000c0000000, 0x00000000c4c80000, 0x00000000eab00000)
  object space 78336K, 71% used [0x00000000c0000000,0x00000000c3666280,0x00000000c4c80000)
 Metaspace       used 43643K, capacity 45586K, committed 45736K, reserved 1087488K
  class space    used 6061K, capacity 6822K, committed 6824K, reserved 1048576K
Event: 55.817 GC heap after
Heap after GC invocations=14 (full 3):
 PSYoungGen      total 323584K, used 0K [0x00000000eab00000, 0x0000000100000000, 0x0000000100000000)
  eden space 297984K, 0% used [0x00000000eab00000,0x00000000eab00000,0x00000000fce00000)
  from space 25600K, 0% used [0x00000000fce00000,0x00000000fce00000,0x00000000fe700000)
  to   space 25600K, 0% used [0x00000000fe700000,0x00000000fe700000,0x0000000100000000)
 ParOldGen       total 78336K, used 46696K [0x00000000c0000000, 0x00000000c4c80000, 0x00000000eab00000)
  object space 78336K, 59% used [0x00000000c0000000,0x00000000c2d9a0c0,0x00000000c4c80000)
 Metaspace       used 43643K, capacity 45586K, committed 45736K, reserved 1087488K
  class space    used 6061K, capacity 6822K, committed 6824K, reserved 1048576K
}
Event: 88.250 GC heap before
{Heap before GC invocations=15 (full 3):
 PSYoungGen      total 323584K, used 297984K [0x00000000eab00000, 0x0000000100000000, 0x0000000100000000)
  eden space 297984K, 100% used [0x00000000eab00000,0x00000000fce00000,0x00000000fce00000)
  from space 25600K, 0% used [0x00000000fce00000,0x00000000fce00000,0x00000000fe700000)
  to   space 25600K, 0% used [0x00000000fe700000,0x00000000fe700000,0x0000000100000000)
 ParOldGen       total 78336K, used 46696K [0x00000000c0000000, 0x00000000c4c80000, 0x00000000eab00000)
  object space 78336K, 59% used [0x00000000c0000000,0x00000000c2d9a0c0,0x00000000c4c80000)
 Metaspace       used 46859K, capacity 49128K, committed 49320K, reserved 1091584K
  class space    used 6471K, capacity 7313K, committed 7336K, reserved 1048576K
Event: 88.268 GC heap after
Heap after GC invocations=15 (full 3):
 PSYoungGen      total 323584K, used 12621K [0x00000000eab00000, 0x0000000100000000, 0x0000000100000000)
  eden space 297984K, 0% used [0x00000000eab00000,0x00000000eab00000,0x00000000fce00000)
  from space 25600K, 49% used [0x00000000fe700000,0x00000000ff353720,0x0000000100000000)
  to   space 25600K, 0% used [0x00000000fce00000,0x00000000fce00000,0x00000000fe700000)
 ParOldGen       total 78336K, used 46704K [0x00000000c0000000, 0x00000000c4c80000, 0x00000000eab00000)
  object space 78336K, 59% used [0x00000000c0000000,0x00000000c2d9c0c0,0x00000000c4c80000)
 Metaspace       used 46859K, capacity 49128K, committed 49320K, reserved 1091584K
  class space    used 6471K, capacity 7313K, committed 7336K, reserved 1048576K
}

