# JRE version: Java(TM) SE Runtime Environment (8.0_60-b27) (build 1.8.0_60-b27)
# Java VM: Java HotSpot(TM) 64-Bit Server VM (25.60-b23 mixed mode windows-amd64 compressed oops)
Heap:
 PSYoungGen      total 224768K, used 81428K [0x00000000eab00000, 0x0000000100000000, 0x0000000100000000)
  eden space 176128K, 22% used [0x00000000eab00000,0x00000000ed1bbc30,0x00000000f5700000)
  from space 48640K, 85% used [0x00000000fd080000,0x00000000ff949560,0x0000000100000000)
  to   space 86528K, 0% used [0x00000000f5700000,0x00000000f5700000,0x00000000fab80000)
 ParOldGen       total 239616K, used 134525K [0x00000000c0000000, 0x00000000cea00000, 0x00000000eab00000)
  object space 239616K, 56% used [0x00000000c0000000,0x00000000c835f578,0x00000000cea00000)
 Metaspace       used 6474K, capacity 7320K, committed 7680K, reserved 1056768K
  class space    used 618K, capacity 656K, committed 768K, reserved 1048576K
GC Heap History (10 events):
Event: 5.352 GC heap before
{Heap before GC invocations=8 (full 1):
 PSYoungGen      total 218112K, used 24568K [0x00000000eab00000, 0x0000000100000000, 0x0000000100000000)
  eden space 193536K, 0% used [0x00000000eab00000,0x00000000eab00000,0x00000000f6800000)
  from space 24576K, 99% used [0x00000000f6800000,0x00000000f7ffe2f8,0x00000000f8000000)
  to   space 40448K, 0% used [0x00000000fd880000,0x00000000fd880000,0x0000000100000000)
 ParOldGen       total 65536K, used 59648K [0x00000000c0000000, 0x00000000c4000000, 0x00000000eab00000)
  object space 65536K, 91% used [0x00000000c0000000,0x00000000c3a40340,0x00000000c4000000)
 Metaspace       used 6450K, capacity 7256K, committed 7424K, reserved 1056768K
  class space    used 617K, capacity 656K, committed 768K, reserved 1048576K
Event: 6.071 GC heap after
Heap after GC invocations=8 (full 1):
 PSYoungGen      total 218112K, used 14290K [0x00000000eab00000, 0x0000000100000000, 0x0000000100000000)
  eden space 193536K, 0% used [0x00000000eab00000,0x00000000eab00000,0x00000000f6800000)
  from space 24576K, 58% used [0x00000000f6800000,0x00000000f75f49e8,0x00000000f8000000)
  to   space 40448K, 0% used [0x00000000fd880000,0x00000000fd880000,0x0000000100000000)
 ParOldGen       total 130560K, used 65386K [0x00000000c0000000, 0x00000000c7f80000, 0x00000000eab00000)
  object space 130560K, 50% used [0x00000000c0000000,0x00000000c3fdab10,0x00000000c7f80000)
 Metaspace       used 6450K, capacity 7256K, committed 7424K, reserved 1056768K
  class space    used 617K, capacity 656K, committed 768K, reserved 1048576K
}
Event: 7.075 GC heap before
{Heap before GC invocations=9 (full 1):
 PSYoungGen      total 218112K, used 207826K [0x00000000eab00000, 0x0000000100000000, 0x0000000100000000)
  eden space 193536K, 100% used [0x00000000eab00000,0x00000000f6800000,0x00000000f6800000)
  from space 24576K, 58% used [0x00000000f6800000,0x00000000f75f49e8,0x00000000f8000000)
  to   space 40448K, 0% used [0x00000000fd880000,0x00000000fd880000,0x0000000100000000)
 ParOldGen       total 130560K, used 65386K [0x00000000c0000000, 0x00000000c7f80000, 0x00000000eab00000)
  object space 130560K, 50% used [0x00000000c0000000,0x00000000c3fdab10,0x00000000c7f80000)
 Metaspace       used 6454K, capacity 7256K, committed 7424K, reserved 1056768K
  class space    used 617K, capacity 656K, committed 768K, reserved 1048576K
Event: 7.174 GC heap after
Heap after GC invocations=9 (full 1):
 PSYoungGen      total 292352K, used 40439K [0x00000000eab00000, 0x0000000100000000, 0x0000000100000000)
  eden space 251904K, 0% used [0x00000000eab00000,0x00000000eab00000,0x00000000fa100000)
  from space 40448K, 99% used [0x00000000fd880000,0x00000000ffffdc20,0x0000000100000000)
  to   space 48640K, 0% used [0x00000000fa100000,0x00000000fa100000,0x00000000fd080000)
 ParOldGen       total 130560K, used 68271K [0x00000000c0000000, 0x00000000c7f80000, 0x00000000eab00000)
  object space 130560K, 52% used [0x00000000c0000000,0x00000000c42abcc0,0x00000000c7f80000)
 Metaspace       used 6454K, capacity 7256K, committed 7424K, reserved 1056768K
  class space    used 617K, capacity 656K, committed 768K, reserved 1048576K
}
Event: 8.360 GC heap before
{Heap before GC invocations=10 (full 1):
 PSYoungGen      total 292352K, used 292343K [0x00000000eab00000, 0x0000000100000000, 0x0000000100000000)
  eden space 251904K, 100% used [0x00000000eab00000,0x00000000fa100000,0x00000000fa100000)
  from space 40448K, 99% used [0x00000000fd880000,0x00000000ffffdc20,0x0000000100000000)
  to   space 48640K, 0% used [0x00000000fa100000,0x00000000fa100000,0x00000000fd080000)
 ParOldGen       total 130560K, used 68271K [0x00000000c0000000, 0x00000000c7f80000, 0x00000000eab00000)
  object space 130560K, 52% used [0x00000000c0000000,0x00000000c42abcc0,0x00000000c7f80000)
 Metaspace       used 6461K, capacity 7320K, committed 7680K, reserved 1056768K
  class space    used 617K, capacity 656K, committed 768K, reserved 1048576K
Event: 8.507 GC heap after
Heap after GC invocations=10 (full 1):
 PSYoungGen      total 300544K, used 48630K [0x00000000eab00000, 0x0000000100000000, 0x0000000100000000)
  eden space 251904K, 0% used [0x00000000eab00000,0x00000000eab00000,0x00000000fa100000)
  from space 48640K, 99% used [0x00000000fa100000,0x00000000fd07d850,0x00000000fd080000)
  to   space 48640K, 0% used [0x00000000fd080000,0x00000000fd080000,0x0000000100000000)
 ParOldGen       total 130560K, used 93859K [0x00000000c0000000, 0x00000000c7f80000, 0x00000000eab00000)
  object space 130560K, 71% used [0x00000000c0000000,0x00000000c5ba8e30,0x00000000c7f80000)
 Metaspace       used 6461K, capacity 7320K, committed 7680K, reserved 1056768K
  class space    used 617K, capacity 656K, committed 768K, reserved 1048576K
}
Event: 9.668 GC heap before
{Heap before GC invocations=11 (full 1):
 PSYoungGen      total 300544K, used 300534K [0x00000000eab00000, 0x0000000100000000, 0x0000000100000000)
  eden space 251904K, 100% used [0x00000000eab00000,0x00000000fa100000,0x00000000fa100000)
  from space 48640K, 99% used [0x00000000fa100000,0x00000000fd07d850,0x00000000fd080000)
  to   space 48640K, 0% used [0x00000000fd080000,0x00000000fd080000,0x0000000100000000)
 ParOldGen       total 130560K, used 93859K [0x00000000c0000000, 0x00000000c7f80000, 0x00000000eab00000)
  object space 130560K, 71% used [0x00000000c0000000,0x00000000c5ba8e30,0x00000000c7f80000)
 Metaspace       used 6474K, capacity 7320K, committed 7680K, reserved 1056768K
  class space    used 618K, capacity 656K, committed 768K, reserved 1048576K
Event: 10.018 GC heap after
Heap after GC invocations=11 (full 1):
 PSYoungGen      total 224768K, used 48616K [0x00000000eab00000, 0x0000000100000000, 0x0000000100000000)
  eden space 176128K, 0% used [0x00000000eab00000,0x00000000eab00000,0x00000000f5700000)
  from space 48640K, 99% used [0x00000000fd080000,0x00000000ffffa1e0,0x0000000100000000)
  to   space 86528K, 0% used [0x00000000f5700000,0x00000000f5700000,0x00000000fab80000)
 ParOldGen       total 134656K, used 134184K [0x00000000c0000000, 0x00000000c8380000, 0x00000000eab00000)
  object space 134656K, 99% used [0x00000000c0000000,0x00000000c830a308,0x00000000c8380000)
 Metaspace       used 6474K, capacity 7320K, committed 7680K, reserved 1056768K
  class space    used 618K, capacity 656K, committed 768K, reserved 1048576K
}
Event: 10.018 GC heap before
{Heap before GC invocations=12 (full 2):
 PSYoungGen      total 224768K, used 48616K [0x00000000eab00000, 0x0000000100000000, 0x0000000100000000)
  eden space 176128K, 0% used [0x00000000eab00000,0x00000000eab00000,0x00000000f5700000)
  from space 48640K, 99% used [0x00000000fd080000,0x00000000ffffa1e0,0x0000000100000000)
  to   space 86528K, 0% used [0x00000000f5700000,0x00000000f5700000,0x00000000fab80000)
 ParOldGen       total 134656K, used 134184K [0x00000000c0000000, 0x00000000c8380000, 0x00000000eab00000)
  object space 134656K, 99% used [0x00000000c0000000,0x00000000c830a308,0x00000000c8380000)
 Metaspace       used 6474K, capacity 7320K, committed 7680K, reserved 1056768K
  class space    used 618K, capacity 656K, committed 768K, reserved 1048576K
Event: 11.387 GC heap after
Heap after GC invocations=12 (full 2):
 PSYoungGen      total 224768K, used 41765K [0x00000000eab00000, 0x0000000100000000, 0x0000000100000000)
  eden space 176128K, 0% used [0x00000000eab00000,0x00000000eab00000,0x00000000f5700000)
  from space 48640K, 85% used [0x00000000fd080000,0x00000000ff949560,0x0000000100000000)
  to   space 86528K, 0% used [0x00000000f5700000,0x00000000f5700000,0x00000000fab80000)
 ParOldGen       total 239616K, used 134525K [0x00000000c0000000, 0x00000000cea00000, 0x00000000eab00000)
  object space 239616K, 56% used [0x00000000c0000000,0x00000000c835f578,0x00000000cea00000)
 Metaspace       used 6474K, capacity 7320K, committed 7680K, reserved 1056768K
  class space    used 618K, capacity 656K, committed 768K, reserved 1048576K
}

