# JRE version: Java(TM) SE Runtime Environment (8.0_60-b27) (build 1.8.0_60-b27)
# Java VM: Java HotSpot(TM) 64-Bit Server VM (25.60-b23 mixed mode windows-amd64 compressed oops)
Heap:
 PSYoungGen      total 217600K, used 137977K [0x00000000eab00000, 0x00000000f9a00000, 0x0000000100000000)
  eden space 193536K, 70% used [0x00000000eab00000,0x00000000f2fc4e98,0x00000000f6800000)
  from space 24064K, 8% used [0x00000000f6800000,0x00000000f69f9688,0x00000000f7f80000)
  to   space 20992K, 0% used [0x00000000f7f80000,0x00000000f7f80000,0x00000000f9400000)
 ParOldGen       total 129536K, used 129195K [0x00000000c0000000, 0x00000000c7e80000, 0x00000000eab00000)
  object space 129536K, 99% used [0x00000000c0000000,0x00000000c7e2ac70,0x00000000c7e80000)
 Metaspace       used 6474K, capacity 7320K, committed 7680K, reserved 1056768K
  class space    used 617K, capacity 656K, committed 768K, reserved 1048576K
GC Heap History (10 events):
Event: 4.677 GC heap before
{Heap before GC invocations=7 (full 0):
 PSYoungGen      total 214528K, used 213526K [0x00000000eab00000, 0x00000000f9a00000, 0x0000000100000000)
  eden space 193536K, 100% used [0x00000000eab00000,0x00000000f6800000,0x00000000f6800000)
  from space 20992K, 95% used [0x00000000f7f80000,0x00000000f93059a0,0x00000000f9400000)
  to   space 24064K, 0% used [0x00000000f6800000,0x00000000f6800000,0x00000000f7f80000)
 ParOldGen       total 65536K, used 37419K [0x00000000c0000000, 0x00000000c4000000, 0x00000000eab00000)
  object space 65536K, 57% used [0x00000000c0000000,0x00000000c248adc0,0x00000000c4000000)
 Metaspace       used 6459K, capacity 7320K, committed 7680K, reserved 1056768K
  class space    used 617K, capacity 656K, committed 768K, reserved 1048576K
Event: 4.789 GC heap after
Heap after GC invocations=7 (full 0):
 PSYoungGen      total 217600K, used 24048K [0x00000000eab00000, 0x00000000f9a00000, 0x0000000100000000)
  eden space 193536K, 0% used [0x00000000eab00000,0x00000000eab00000,0x00000000f6800000)
  from space 24064K, 99% used [0x00000000f6800000,0x00000000f7f7c360,0x00000000f7f80000)
  to   space 20992K, 0% used [0x00000000f7f80000,0x00000000f7f80000,0x00000000f9400000)
 ParOldGen       total 65536K, used 60666K [0x00000000c0000000, 0x00000000c4000000, 0x00000000eab00000)
  object space 65536K, 92% used [0x00000000c0000000,0x00000000c3b3e9c8,0x00000000c4000000)
 Metaspace       used 6459K, capacity 7320K, committed 7680K, reserved 1056768K
  class space    used 617K, capacity 656K, committed 768K, reserved 1048576K
}
Event: 4.789 GC heap before
{Heap before GC invocations=8 (full 1):
 PSYoungGen      total 217600K, used 24048K [0x00000000eab00000, 0x00000000f9a00000, 0x0000000100000000)
  eden space 193536K, 0% used [0x00000000eab00000,0x00000000eab00000,0x00000000f6800000)
  from space 24064K, 99% used [0x00000000f6800000,0x00000000f7f7c360,0x00000000f7f80000)
  to   space 20992K, 0% used [0x00000000f7f80000,0x00000000f7f80000,0x00000000f9400000)
 ParOldGen       total 65536K, used 60666K [0x00000000c0000000, 0x00000000c4000000, 0x00000000eab00000)
  object space 65536K, 92% used [0x00000000c0000000,0x00000000c3b3e9c8,0x00000000c4000000)
 Metaspace       used 6459K, capacity 7320K, committed 7680K, reserved 1056768K
  class space    used 617K, capacity 656K, committed 768K, reserved 1048576K
Event: 5.512 GC heap after
Heap after GC invocations=8 (full 1):
 PSYoungGen      total 217600K, used 14791K [0x00000000eab00000, 0x00000000f9a00000, 0x0000000100000000)
  eden space 193536K, 0% used [0x00000000eab00000,0x00000000eab00000,0x00000000f6800000)
  from space 24064K, 61% used [0x00000000f6800000,0x00000000f7671f10,0x00000000f7f80000)
  to   space 20992K, 0% used [0x00000000f7f80000,0x00000000f7f80000,0x00000000f9400000)
 ParOldGen       total 129536K, used 65403K [0x00000000c0000000, 0x00000000c7e80000, 0x00000000eab00000)
  object space 129536K, 50% used [0x00000000c0000000,0x00000000c3fdeed0,0x00000000c7e80000)
 Metaspace       used 6459K, capacity 7320K, committed 7680K, reserved 1056768K
  class space    used 617K, capacity 656K, committed 768K, reserved 1048576K
}
Event: 6.513 GC heap before
{Heap before GC invocations=9 (full 1):
 PSYoungGen      total 217600K, used 208327K [0x00000000eab00000, 0x00000000f9a00000, 0x0000000100000000)
  eden space 193536K, 100% used [0x00000000eab00000,0x00000000f6800000,0x00000000f6800000)
  from space 24064K, 61% used [0x00000000f6800000,0x00000000f7671f10,0x00000000f7f80000)
  to   space 20992K, 0% used [0x00000000f7f80000,0x00000000f7f80000,0x00000000f9400000)
 ParOldGen       total 129536K, used 65403K [0x00000000c0000000, 0x00000000c7e80000, 0x00000000eab00000)
  object space 129536K, 50% used [0x00000000c0000000,0x00000000c3fdeed0,0x00000000c7e80000)
 Metaspace       used 6463K, capacity 7320K, committed 7680K, reserved 1056768K
  class space    used 617K, capacity 656K, committed 768K, reserved 1048576K
Event: 6.600 GC heap after
Heap after GC invocations=9 (full 1):
 PSYoungGen      total 214528K, used 20987K [0x00000000eab00000, 0x00000000f9a00000, 0x0000000100000000)
  eden space 193536K, 0% used [0x00000000eab00000,0x00000000eab00000,0x00000000f6800000)
  from space 20992K, 99% used [0x00000000f7f80000,0x00000000f93fec20,0x00000000f9400000)
  to   space 24064K, 0% used [0x00000000f6800000,0x00000000f6800000,0x00000000f7f80000)
 ParOldGen       total 129536K, used 89140K [0x00000000c0000000, 0x00000000c7e80000, 0x00000000eab00000)
  object space 129536K, 68% used [0x00000000c0000000,0x00000000c570d3f0,0x00000000c7e80000)
 Metaspace       used 6463K, capacity 7320K, committed 7680K, reserved 1056768K
  class space    used 617K, capacity 656K, committed 768K, reserved 1048576K
}
Event: 7.539 GC heap before
{Heap before GC invocations=10 (full 1):
 PSYoungGen      total 214528K, used 214523K [0x00000000eab00000, 0x00000000f9a00000, 0x0000000100000000)
  eden space 193536K, 100% used [0x00000000eab00000,0x00000000f6800000,0x00000000f6800000)
  from space 20992K, 99% used [0x00000000f7f80000,0x00000000f93fec20,0x00000000f9400000)
  to   space 24064K, 0% used [0x00000000f6800000,0x00000000f6800000,0x00000000f7f80000)
 ParOldGen       total 129536K, used 89140K [0x00000000c0000000, 0x00000000c7e80000, 0x00000000eab00000)
  object space 129536K, 68% used [0x00000000c0000000,0x00000000c570d3f0,0x00000000c7e80000)
 Metaspace       used 6470K, capacity 7320K, committed 7680K, reserved 1056768K
  class space    used 617K, capacity 656K, committed 768K, reserved 1048576K
Event: 7.645 GC heap after
Heap after GC invocations=10 (full 1):
 PSYoungGen      total 217600K, used 24044K [0x00000000eab00000, 0x00000000f9a00000, 0x0000000100000000)
  eden space 193536K, 0% used [0x00000000eab00000,0x00000000eab00000,0x00000000f6800000)
  from space 24064K, 99% used [0x00000000f6800000,0x00000000f7f7b140,0x00000000f7f80000)
  to   space 20992K, 0% used [0x00000000f7f80000,0x00000000f7f80000,0x00000000f9400000)
 ParOldGen       total 129536K, used 112010K [0x00000000c0000000, 0x00000000c7e80000, 0x00000000eab00000)
  object space 129536K, 86% used [0x00000000c0000000,0x00000000c6d62b80,0x00000000c7e80000)
 Metaspace       used 6470K, capacity 7320K, committed 7680K, reserved 1056768K
  class space    used 617K, capacity 656K, committed 768K, reserved 1048576K
}
Event: 7.645 GC heap before
{Heap before GC invocations=11 (full 2):
 PSYoungGen      total 217600K, used 24044K [0x00000000eab00000, 0x00000000f9a00000, 0x0000000100000000)
  eden space 193536K, 0% used [0x00000000eab00000,0x00000000eab00000,0x00000000f6800000)
  from space 24064K, 99% used [0x00000000f6800000,0x00000000f7f7b140,0x00000000f7f80000)
  to   space 20992K, 0% used [0x00000000f7f80000,0x00000000f7f80000,0x00000000f9400000)
 ParOldGen       total 129536K, used 112010K [0x00000000c0000000, 0x00000000c7e80000, 0x00000000eab00000)
  object space 129536K, 86% used [0x00000000c0000000,0x00000000c6d62b80,0x00000000c7e80000)
 Metaspace       used 6470K, capacity 7320K, committed 7680K, reserved 1056768K
  class space    used 617K, capacity 656K, committed 768K, reserved 1048576K
Event: 8.311 GC heap after
Heap after GC invocations=11 (full 2):
 PSYoungGen      total 217600K, used 2021K [0x00000000eab00000, 0x00000000f9a00000, 0x0000000100000000)
  eden space 193536K, 0% used [0x00000000eab00000,0x00000000eab00000,0x00000000f6800000)
  from space 24064K, 8% used [0x00000000f6800000,0x00000000f69f9688,0x00000000f7f80000)
  to   space 20992K, 0% used [0x00000000f7f80000,0x00000000f7f80000,0x00000000f9400000)
 ParOldGen       total 129536K, used 129195K [0x00000000c0000000, 0x00000000c7e80000, 0x00000000eab00000)
  object space 129536K, 99% used [0x00000000c0000000,0x00000000c7e2ac70,0x00000000c7e80000)
 Metaspace       used 6470K, capacity 7320K, committed 7680K, reserved 1056768K
  class space    used 617K, capacity 656K, committed 768K, reserved 1048576K
}

