# JRE version: Java(TM) SE Runtime Environment (8.0_60-b27) (build 1.8.0_60-b27)
# Java VM: Java HotSpot(TM) 64-Bit Server VM (25.60-b23 mixed mode windows-amd64 compressed oops)
Heap:
 PSYoungGen      total 143872K, used 73595K [0x00000000eab00000, 0x00000000f5f00000, 0x0000000100000000)
  eden space 115712K, 39% used [0x00000000eab00000,0x00000000ed78c970,0x00000000f1c00000)
  from space 28160K, 99% used [0x00000000f3b00000,0x00000000f56524a8,0x00000000f5680000)
  to   space 31744K, 0% used [0x00000000f1c00000,0x00000000f1c00000,0x00000000f3b00000)
 ParOldGen       total 117760K, used 62823K [0x00000000c0000000, 0x00000000c7300000, 0x00000000eab00000)
  object space 117760K, 53% used [0x00000000c0000000,0x00000000c3d59ef0,0x00000000c7300000)
 Metaspace       used 6441K, capacity 7256K, committed 7424K, reserved 1056768K
  class space    used 617K, capacity 656K, committed 768K, reserved 1048576K
GC Heap History (10 events):
Event: 4.535 GC heap before
{Heap before GC invocations=7 (full 0):
 PSYoungGen      total 109056K, used 108970K [0x00000000eab00000, 0x00000000f2600000, 0x0000000100000000)
  eden space 96768K, 100% used [0x00000000eab00000,0x00000000f0980000,0x00000000f0980000)
  from space 12288K, 99% used [0x00000000f1700000,0x00000000f22eaa58,0x00000000f2300000)
  to   space 13824K, 0% used [0x00000000f0980000,0x00000000f0980000,0x00000000f1700000)
 ParOldGen       total 65536K, used 21967K [0x00000000c0000000, 0x00000000c4000000, 0x00000000eab00000)
  object space 65536K, 33% used [0x00000000c0000000,0x00000000c1573ff8,0x00000000c4000000)
 Metaspace       used 6419K, capacity 7256K, committed 7424K, reserved 1056768K
  class space    used 617K, capacity 656K, committed 768K, reserved 1048576K
Event: 4.697 GC heap after
Heap after GC invocations=7 (full 0):
 PSYoungGen      total 110592K, used 13812K [0x00000000eab00000, 0x00000000f2600000, 0x0000000100000000)
  eden space 96768K, 0% used [0x00000000eab00000,0x00000000eab00000,0x00000000f0980000)
  from space 13824K, 99% used [0x00000000f0980000,0x00000000f16fd050,0x00000000f1700000)
  to   space 12288K, 0% used [0x00000000f1700000,0x00000000f1700000,0x00000000f2300000)
 ParOldGen       total 65536K, used 36161K [0x00000000c0000000, 0x00000000c4000000, 0x00000000eab00000)
  object space 65536K, 55% used [0x00000000c0000000,0x00000000c2350778,0x00000000c4000000)
 Metaspace       used 6419K, capacity 7256K, committed 7424K, reserved 1056768K
  class space    used 617K, capacity 656K, committed 768K, reserved 1048576K
}
Event: 5.609 GC heap before
{Heap before GC invocations=8 (full 0):
 PSYoungGen      total 110592K, used 110580K [0x00000000eab00000, 0x00000000f2600000, 0x0000000100000000)
  eden space 96768K, 100% used [0x00000000eab00000,0x00000000f0980000,0x00000000f0980000)
  from space 13824K, 99% used [0x00000000f0980000,0x00000000f16fd050,0x00000000f1700000)
  to   space 12288K, 0% used [0x00000000f1700000,0x00000000f1700000,0x00000000f2300000)
 ParOldGen       total 65536K, used 36161K [0x00000000c0000000, 0x00000000c4000000, 0x00000000eab00000)
  object space 65536K, 55% used [0x00000000c0000000,0x00000000c2350778,0x00000000c4000000)
 Metaspace       used 6430K, capacity 7256K, committed 7424K, reserved 1056768K
  class space    used 617K, capacity 656K, committed 768K, reserved 1048576K
Event: 5.691 GC heap after
Heap after GC invocations=8 (full 0):
 PSYoungGen      total 109056K, used 12266K [0x00000000eab00000, 0x00000000f2600000, 0x0000000100000000)
  eden space 96768K, 0% used [0x00000000eab00000,0x00000000eab00000,0x00000000f0980000)
  from space 12288K, 99% used [0x00000000f1700000,0x00000000f22fab40,0x00000000f2300000)
  to   space 13824K, 0% used [0x00000000f0980000,0x00000000f0980000,0x00000000f1700000)
 ParOldGen       total 65536K, used 54052K [0x00000000c0000000, 0x00000000c4000000, 0x00000000eab00000)
  object space 65536K, 82% used [0x00000000c0000000,0x00000000c34c9288,0x00000000c4000000)
 Metaspace       used 6430K, capacity 7256K, committed 7424K, reserved 1056768K
  class space    used 617K, capacity 656K, committed 768K, reserved 1048576K
}
Event: 5.691 GC heap before
{Heap before GC invocations=9 (full 1):
 PSYoungGen      total 109056K, used 12266K [0x00000000eab00000, 0x00000000f2600000, 0x0000000100000000)
  eden space 96768K, 0% used [0x00000000eab00000,0x00000000eab00000,0x00000000f0980000)
  from space 12288K, 99% used [0x00000000f1700000,0x00000000f22fab40,0x00000000f2300000)
  to   space 13824K, 0% used [0x00000000f0980000,0x00000000f0980000,0x00000000f1700000)
 ParOldGen       total 65536K, used 54052K [0x00000000c0000000, 0x00000000c4000000, 0x00000000eab00000)
  object space 65536K, 82% used [0x00000000c0000000,0x00000000c34c9288,0x00000000c4000000)
 Metaspace       used 6430K, capacity 7256K, committed 7424K, reserved 1056768K
  class space    used 617K, capacity 656K, committed 768K, reserved 1048576K
Event: 6.372 GC heap after
Heap after GC invocations=9 (full 1):
 PSYoungGen      total 109056K, used 0K [0x00000000eab00000, 0x00000000f2600000, 0x0000000100000000)
  eden space 96768K, 0% used [0x00000000eab00000,0x00000000eab00000,0x00000000f0980000)
  from space 12288K, 0% used [0x00000000f1700000,0x00000000f1700000,0x00000000f2300000)
  to   space 13824K, 0% used [0x00000000f0980000,0x00000000f0980000,0x00000000f1700000)
 ParOldGen       total 117760K, used 61806K [0x00000000c0000000, 0x00000000c7300000, 0x00000000eab00000)
  object space 117760K, 52% used [0x00000000c0000000,0x00000000c3c5bbb0,0x00000000c7300000)
 Metaspace       used 6430K, capacity 7256K, committed 7424K, reserved 1056768K
  class space    used 617K, capacity 656K, committed 768K, reserved 1048576K
}
Event: 7.249 GC heap before
{Heap before GC invocations=10 (full 1):
 PSYoungGen      total 109056K, used 96768K [0x00000000eab00000, 0x00000000f2600000, 0x0000000100000000)
  eden space 96768K, 100% used [0x00000000eab00000,0x00000000f0980000,0x00000000f0980000)
  from space 12288K, 0% used [0x00000000f1700000,0x00000000f1700000,0x00000000f2300000)
  to   space 13824K, 0% used [0x00000000f0980000,0x00000000f0980000,0x00000000f1700000)
 ParOldGen       total 117760K, used 61806K [0x00000000c0000000, 0x00000000c7300000, 0x00000000eab00000)
  object space 117760K, 52% used [0x00000000c0000000,0x00000000c3c5bbb0,0x00000000c7300000)
 Metaspace       used 6437K, capacity 7256K, committed 7424K, reserved 1056768K
  class space    used 617K, capacity 656K, committed 768K, reserved 1048576K
Event: 7.287 GC heap after
Heap after GC invocations=10 (full 1):
 PSYoungGen      total 110592K, used 13820K [0x00000000eab00000, 0x00000000f5680000, 0x0000000100000000)
  eden space 96768K, 0% used [0x00000000eab00000,0x00000000eab00000,0x00000000f0980000)
  from space 13824K, 99% used [0x00000000f0980000,0x00000000f16ff238,0x00000000f1700000)
  to   space 28160K, 0% used [0x00000000f3b00000,0x00000000f3b00000,0x00000000f5680000)
 ParOldGen       total 117760K, used 62823K [0x00000000c0000000, 0x00000000c7300000, 0x00000000eab00000)
  object space 117760K, 53% used [0x00000000c0000000,0x00000000c3d59ef0,0x00000000c7300000)
 Metaspace       used 6437K, capacity 7256K, committed 7424K, reserved 1056768K
  class space    used 617K, capacity 656K, committed 768K, reserved 1048576K
}
Event: 8.153 GC heap before
{Heap before GC invocations=11 (full 1):
 PSYoungGen      total 110592K, used 110588K [0x00000000eab00000, 0x00000000f5680000, 0x0000000100000000)
  eden space 96768K, 100% used [0x00000000eab00000,0x00000000f0980000,0x00000000f0980000)
  from space 13824K, 99% used [0x00000000f0980000,0x00000000f16ff238,0x00000000f1700000)
  to   space 28160K, 0% used [0x00000000f3b00000,0x00000000f3b00000,0x00000000f5680000)
 ParOldGen       total 117760K, used 62823K [0x00000000c0000000, 0x00000000c7300000, 0x00000000eab00000)
  object space 117760K, 53% used [0x00000000c0000000,0x00000000c3d59ef0,0x00000000c7300000)
 Metaspace       used 6440K, capacity 7256K, committed 7424K, reserved 1056768K
  class space    used 617K, capacity 656K, committed 768K, reserved 1048576K
Event: 8.244 GC heap after
Heap after GC invocations=11 (full 1):
 PSYoungGen      total 143872K, used 27977K [0x00000000eab00000, 0x00000000f5f00000, 0x0000000100000000)
  eden space 115712K, 0% used [0x00000000eab00000,0x00000000eab00000,0x00000000f1c00000)
  from space 28160K, 99% used [0x00000000f3b00000,0x00000000f56524a8,0x00000000f5680000)
  to   space 31744K, 0% used [0x00000000f1c00000,0x00000000f1c00000,0x00000000f3b00000)
 ParOldGen       total 117760K, used 62823K [0x00000000c0000000, 0x00000000c7300000, 0x00000000eab00000)
  object space 117760K, 53% used [0x00000000c0000000,0x00000000c3d59ef0,0x00000000c7300000)
 Metaspace       used 6440K, capacity 7256K, committed 7424K, reserved 1056768K
  class space    used 617K, capacity 656K, committed 768K, reserved 1048576K
}

