# JRE version: Java(TM) SE Runtime Environment (8.0_60-b27) (build 1.8.0_60-b27)
# Java VM: Java HotSpot(TM) 64-Bit Server VM (25.60-b23 mixed mode windows-amd64 compressed oops)
Heap:
 PSYoungGen      total 216064K, used 186880K [0x00000000eab00000, 0x00000000fa100000, 0x0000000100000000)
  eden space 186880K, 100% used [0x00000000eab00000,0x00000000f6180000,0x00000000f6180000)
  from space 29184K, 0% used [0x00000000f6180000,0x00000000f6180000,0x00000000f7e00000)
  to   space 22528K, 0% used [0x00000000f7e00000,0x00000000f7e00000,0x00000000f9400000)
 ParOldGen       total 65536K, used 65477K [0x00000000c0000000, 0x00000000c4000000, 0x00000000eab00000)
  object space 65536K, 99% used [0x00000000c0000000,0x00000000c3ff16c8,0x00000000c4000000)
 Metaspace       used 6456K, capacity 7320K, committed 7680K, reserved 1056768K
  class space    used 617K, capacity 656K, committed 768K, reserved 1048576K
GC Heap History (10 events):
Event: 4.659 GC heap after
Heap after GC invocations=7 (full 0):
 PSYoungGen      total 110080K, used 13296K [0x00000000eab00000, 0x00000000f9400000, 0x0000000100000000)
  eden space 96768K, 0% used [0x00000000eab00000,0x00000000eab00000,0x00000000f0980000)
  from space 13312K, 99% used [0x00000000f0980000,0x00000000f167c020,0x00000000f1680000)
  to   space 22528K, 0% used [0x00000000f7e00000,0x00000000f7e00000,0x00000000f9400000)
 ParOldGen       total 65536K, used 36379K [0x00000000c0000000, 0x00000000c4000000, 0x00000000eab00000)
  object space 65536K, 55% used [0x00000000c0000000,0x00000000c2386d80,0x00000000c4000000)
 Metaspace       used 6424K, capacity 7256K, committed 7424K, reserved 1056768K
  class space    used 617K, capacity 656K, committed 768K, reserved 1048576K
}
Event: 5.475 GC heap before
{Heap before GC invocations=8 (full 0):
 PSYoungGen      total 110080K, used 110064K [0x00000000eab00000, 0x00000000f9400000, 0x0000000100000000)
  eden space 96768K, 100% used [0x00000000eab00000,0x00000000f0980000,0x00000000f0980000)
  from space 13312K, 99% used [0x00000000f0980000,0x00000000f167c020,0x00000000f1680000)
  to   space 22528K, 0% used [0x00000000f7e00000,0x00000000f7e00000,0x00000000f9400000)
 ParOldGen       total 65536K, used 36379K [0x00000000c0000000, 0x00000000c4000000, 0x00000000eab00000)
  object space 65536K, 55% used [0x00000000c0000000,0x00000000c2386d80,0x00000000c4000000)
 Metaspace       used 6436K, capacity 7256K, committed 7424K, reserved 1056768K
  class space    used 617K, capacity 656K, committed 768K, reserved 1048576K
Event: 5.525 GC heap after
Heap after GC invocations=8 (full 0):
 PSYoungGen      total 209408K, used 22517K [0x00000000eab00000, 0x00000000fa100000, 0x0000000100000000)
  eden space 186880K, 0% used [0x00000000eab00000,0x00000000eab00000,0x00000000f6180000)
  from space 22528K, 99% used [0x00000000f7e00000,0x00000000f93fd400,0x00000000f9400000)
  to   space 29184K, 0% used [0x00000000f6180000,0x00000000f6180000,0x00000000f7e00000)
 ParOldGen       total 65536K, used 43433K [0x00000000c0000000, 0x00000000c4000000, 0x00000000eab00000)
  object space 65536K, 66% used [0x00000000c0000000,0x00000000c2a6a628,0x00000000c4000000)
 Metaspace       used 6436K, capacity 7256K, committed 7424K, reserved 1056768K
  class space    used 617K, capacity 656K, committed 768K, reserved 1048576K
}
Event: 7.415 GC heap before
{Heap before GC invocations=9 (full 0):
 PSYoungGen      total 209408K, used 209397K [0x00000000eab00000, 0x00000000fa100000, 0x0000000100000000)
  eden space 186880K, 100% used [0x00000000eab00000,0x00000000f6180000,0x00000000f6180000)
  from space 22528K, 99% used [0x00000000f7e00000,0x00000000f93fd400,0x00000000f9400000)
  to   space 29184K, 0% used [0x00000000f6180000,0x00000000f6180000,0x00000000f7e00000)
 ParOldGen       total 65536K, used 43433K [0x00000000c0000000, 0x00000000c4000000, 0x00000000eab00000)
  object space 65536K, 66% used [0x00000000c0000000,0x00000000c2a6a628,0x00000000c4000000)
 Metaspace       used 6447K, capacity 7256K, committed 7424K, reserved 1056768K
  class space    used 617K, capacity 656K, committed 768K, reserved 1048576K
Event: 7.567 GC heap after
Heap after GC invocations=9 (full 0):
 PSYoungGen      total 216064K, used 29154K [0x00000000eab00000, 0x00000000fa100000, 0x0000000100000000)
  eden space 186880K, 0% used [0x00000000eab00000,0x00000000eab00000,0x00000000f6180000)
  from space 29184K, 99% used [0x00000000f6180000,0x00000000f7df8998,0x00000000f7e00000)
  to   space 22528K, 0% used [0x00000000f7e00000,0x00000000f7e00000,0x00000000f9400000)
 ParOldGen       total 65536K, used 63627K [0x00000000c0000000, 0x00000000c4000000, 0x00000000eab00000)
  object space 65536K, 97% used [0x00000000c0000000,0x00000000c3e22e70,0x00000000c4000000)
 Metaspace       used 6447K, capacity 7256K, committed 7424K, reserved 1056768K
  class space    used 617K, capacity 656K, committed 768K, reserved 1048576K
}
Event: 7.567 GC heap before
{Heap before GC invocations=10 (full 1):
 PSYoungGen      total 216064K, used 29154K [0x00000000eab00000, 0x00000000fa100000, 0x0000000100000000)
  eden space 186880K, 0% used [0x00000000eab00000,0x00000000eab00000,0x00000000f6180000)
  from space 29184K, 99% used [0x00000000f6180000,0x00000000f7df8998,0x00000000f7e00000)
  to   space 22528K, 0% used [0x00000000f7e00000,0x00000000f7e00000,0x00000000f9400000)
 ParOldGen       total 65536K, used 63627K [0x00000000c0000000, 0x00000000c4000000, 0x00000000eab00000)
  object space 65536K, 97% used [0x00000000c0000000,0x00000000c3e22e70,0x00000000c4000000)
 Metaspace       used 6447K, capacity 7256K, committed 7424K, reserved 1056768K
  class space    used 617K, capacity 656K, committed 768K, reserved 1048576K
Event: 8.395 GC heap after
Heap after GC invocations=10 (full 1):
 PSYoungGen      total 216064K, used 21375K [0x00000000eab00000, 0x00000000fa100000, 0x0000000100000000)
  eden space 186880K, 0% used [0x00000000eab00000,0x00000000eab00000,0x00000000f6180000)
  from space 29184K, 73% used [0x00000000f6180000,0x00000000f765fcb0,0x00000000f7e00000)
  to   space 22528K, 0% used [0x00000000f7e00000,0x00000000f7e00000,0x00000000f9400000)
 ParOldGen       total 65536K, used 65076K [0x00000000c0000000, 0x00000000c4000000, 0x00000000eab00000)
  object space 65536K, 99% used [0x00000000c0000000,0x00000000c3f8d2a8,0x00000000c4000000)
 Metaspace       used 6447K, capacity 7256K, committed 7424K, reserved 1056768K
  class space    used 617K, capacity 656K, committed 768K, reserved 1048576K
}
Event: 9.364 GC heap before
{Heap before GC invocations=11 (full 2):
 PSYoungGen      total 216064K, used 208255K [0x00000000eab00000, 0x00000000fa100000, 0x0000000100000000)
  eden space 186880K, 100% used [0x00000000eab00000,0x00000000f6180000,0x00000000f6180000)
  from space 29184K, 73% used [0x00000000f6180000,0x00000000f765fcb0,0x00000000f7e00000)
  to   space 22528K, 0% used [0x00000000f7e00000,0x00000000f7e00000,0x00000000f9400000)
 ParOldGen       total 65536K, used 65076K [0x00000000c0000000, 0x00000000c4000000, 0x00000000eab00000)
  object space 65536K, 99% used [0x00000000c0000000,0x00000000c3f8d2a8,0x00000000c4000000)
 Metaspace       used 6450K, capacity 7256K, committed 7424K, reserved 1056768K
  class space    used 617K, capacity 656K, committed 768K, reserved 1048576K
Event: 9.973 GC heap after
Heap after GC invocations=11 (full 2):
 PSYoungGen      total 216064K, used 47736K [0x00000000eab00000, 0x00000000fa100000, 0x0000000100000000)
  eden space 186880K, 25% used [0x00000000eab00000,0x00000000ed99e0c0,0x00000000f6180000)
  from space 29184K, 0% used [0x00000000f6180000,0x00000000f6180000,0x00000000f7e00000)
  to   space 22528K, 0% used [0x00000000f7e00000,0x00000000f7e00000,0x00000000f9400000)
 ParOldGen       total 65536K, used 65477K [0x00000000c0000000, 0x00000000c4000000, 0x00000000eab00000)
  object space 65536K, 99% used [0x00000000c0000000,0x00000000c3ff16c8,0x00000000c4000000)
 Metaspace       used 6450K, capacity 7256K, committed 7424K, reserved 1056768K
  class space    used 617K, capacity 656K, committed 768K, reserved 1048576K
}
Event: 10.576 GC heap before
{Heap before GC invocations=12 (full 3):
 PSYoungGen      total 216064K, used 186880K [0x00000000eab00000, 0x00000000fa100000, 0x0000000100000000)
  eden space 186880K, 100% used [0x00000000eab00000,0x00000000f6180000,0x00000000f6180000)
  from space 29184K, 0% used [0x00000000f6180000,0x00000000f6180000,0x00000000f7e00000)
  to   space 22528K, 0% used [0x00000000f7e00000,0x00000000f7e00000,0x00000000f9400000)
 ParOldGen       total 65536K, used 65477K [0x00000000c0000000, 0x00000000c4000000, 0x00000000eab00000)
  object space 65536K, 99% used [0x00000000c0000000,0x00000000c3ff16c8,0x00000000c4000000)
 Metaspace       used 6456K, capacity 7320K, committed 7680K, reserved 1056768K
  class space    used 617K, capacity 656K, committed 768K, reserved 1048576K

