# JRE version: Java(TM) SE Runtime Environment (8.0_60-b27) (build 1.8.0_60-b27)
# Java VM: Java HotSpot(TM) 64-Bit Server VM (25.60-b23 mixed mode windows-amd64 compressed oops)
Heap:
 PSYoungGen      total 263168K, used 142960K [0x00000000eab00000, 0x0000000100000000, 0x0000000100000000)
  eden space 177152K, 65% used [0x00000000eab00000,0x00000000f1c8f2a0,0x00000000f5800000)
  from space 86016K, 31% used [0x00000000f5800000,0x00000000f720ce88,0x00000000fac00000)
  to   space 81408K, 0% used [0x00000000fb080000,0x00000000fb080000,0x0000000100000000)
 ParOldGen       total 233472K, used 175316K [0x00000000c0000000, 0x00000000ce400000, 0x00000000eab00000)
  object space 233472K, 75% used [0x00000000c0000000,0x00000000cab350f0,0x00000000ce400000)
 Metaspace       used 7052K, capacity 7800K, committed 7936K, reserved 1056768K
  class space    used 642K, capacity 688K, committed 768K, reserved 1048576K
GC Heap History (10 events):
Event: 6.278 GC heap before
{Heap before GC invocations=9 (full 1):
 PSYoungGen      total 217600K, used 208284K [0x00000000eab00000, 0x0000000100000000, 0x0000000100000000)
  eden space 193024K, 100% used [0x00000000eab00000,0x00000000f6780000,0x00000000f6780000)
  from space 24576K, 62% used [0x00000000f6780000,0x00000000f76670e8,0x00000000f7f80000)
  to   space 40448K, 0% used [0x00000000fd880000,0x00000000fd880000,0x0000000100000000)
 ParOldGen       total 129536K, used 65307K [0x00000000c0000000, 0x00000000c7e80000, 0x00000000eab00000)
  object space 129536K, 50% used [0x00000000c0000000,0x00000000c3fc6f68,0x00000000c7e80000)
 Metaspace       used 6457K, capacity 7320K, committed 7680K, reserved 1056768K
  class space    used 617K, capacity 656K, committed 768K, reserved 1048576K
Event: 6.401 GC heap after
Heap after GC invocations=9 (full 1):
 PSYoungGen      total 290304K, used 40426K [0x00000000eab00000, 0x0000000100000000, 0x0000000100000000)
  eden space 249856K, 0% used [0x00000000eab00000,0x00000000eab00000,0x00000000f9f00000)
  from space 40448K, 99% used [0x00000000fd880000,0x00000000ffffabe0,0x0000000100000000)
  to   space 49664K, 0% used [0x00000000f9f00000,0x00000000f9f00000,0x00000000fcf80000)
 ParOldGen       total 129536K, used 69556K [0x00000000c0000000, 0x00000000c7e80000, 0x00000000eab00000)
  object space 129536K, 53% used [0x00000000c0000000,0x00000000c43ed040,0x00000000c7e80000)
 Metaspace       used 6457K, capacity 7320K, committed 7680K, reserved 1056768K
  class space    used 617K, capacity 656K, committed 768K, reserved 1048576K
}
Event: 7.541 GC heap before
{Heap before GC invocations=10 (full 1):
 PSYoungGen      total 290304K, used 290282K [0x00000000eab00000, 0x0000000100000000, 0x0000000100000000)
  eden space 249856K, 100% used [0x00000000eab00000,0x00000000f9f00000,0x00000000f9f00000)
  from space 40448K, 99% used [0x00000000fd880000,0x00000000ffffabe0,0x0000000100000000)
  to   space 49664K, 0% used [0x00000000f9f00000,0x00000000f9f00000,0x00000000fcf80000)
 ParOldGen       total 129536K, used 69556K [0x00000000c0000000, 0x00000000c7e80000, 0x00000000eab00000)
  object space 129536K, 53% used [0x00000000c0000000,0x00000000c43ed040,0x00000000c7e80000)
 Metaspace       used 6469K, capacity 7320K, committed 7680K, reserved 1056768K
  class space    used 617K, capacity 656K, committed 768K, reserved 1048576K
Event: 7.756 GC heap after
Heap after GC invocations=10 (full 1):
 PSYoungGen      total 299520K, used 49642K [0x00000000eab00000, 0x0000000100000000, 0x0000000100000000)
  eden space 249856K, 0% used [0x00000000eab00000,0x00000000eab00000,0x00000000f9f00000)
  from space 49664K, 99% used [0x00000000f9f00000,0x00000000fcf7a9f8,0x00000000fcf80000)
  to   space 49664K, 0% used [0x00000000fcf80000,0x00000000fcf80000,0x0000000100000000)
 ParOldGen       total 129536K, used 93163K [0x00000000c0000000, 0x00000000c7e80000, 0x00000000eab00000)
  object space 129536K, 71% used [0x00000000c0000000,0x00000000c5afac20,0x00000000c7e80000)
 Metaspace       used 6469K, capacity 7320K, committed 7680K, reserved 1056768K
  class space    used 617K, capacity 656K, committed 768K, reserved 1048576K
}
Event: 8.904 GC heap before
{Heap before GC invocations=11 (full 1):
 PSYoungGen      total 299520K, used 299498K [0x00000000eab00000, 0x0000000100000000, 0x0000000100000000)
  eden space 249856K, 100% used [0x00000000eab00000,0x00000000f9f00000,0x00000000f9f00000)
  from space 49664K, 99% used [0x00000000f9f00000,0x00000000fcf7a9f8,0x00000000fcf80000)
  to   space 49664K, 0% used [0x00000000fcf80000,0x00000000fcf80000,0x0000000100000000)
 ParOldGen       total 129536K, used 93163K [0x00000000c0000000, 0x00000000c7e80000, 0x00000000eab00000)
  object space 129536K, 71% used [0x00000000c0000000,0x00000000c5afac20,0x00000000c7e80000)
 Metaspace       used 6476K, capacity 7320K, committed 7680K, reserved 1056768K
  class space    used 617K, capacity 656K, committed 768K, reserved 1048576K
Event: 9.075 GC heap after
Heap after GC invocations=11 (full 1):
 PSYoungGen      total 226816K, used 49644K [0x00000000eab00000, 0x0000000100000000, 0x0000000100000000)
  eden space 177152K, 0% used [0x00000000eab00000,0x00000000eab00000,0x00000000f5800000)
  from space 49664K, 99% used [0x00000000fcf80000,0x00000000ffffb3a0,0x0000000100000000)
  to   space 86016K, 0% used [0x00000000f5800000,0x00000000f5800000,0x00000000fac00000)
 ParOldGen       total 131584K, used 130719K [0x00000000c0000000, 0x00000000c8080000, 0x00000000eab00000)
  object space 131584K, 99% used [0x00000000c0000000,0x00000000c7fa7e20,0x00000000c8080000)
 Metaspace       used 6476K, capacity 7320K, committed 7680K, reserved 1056768K
  class space    used 617K, capacity 656K, committed 768K, reserved 1048576K
}
Event: 9.075 GC heap before
{Heap before GC invocations=12 (full 2):
 PSYoungGen      total 226816K, used 49644K [0x00000000eab00000, 0x0000000100000000, 0x0000000100000000)
  eden space 177152K, 0% used [0x00000000eab00000,0x00000000eab00000,0x00000000f5800000)
  from space 49664K, 99% used [0x00000000fcf80000,0x00000000ffffb3a0,0x0000000100000000)
  to   space 86016K, 0% used [0x00000000f5800000,0x00000000f5800000,0x00000000fac00000)
 ParOldGen       total 131584K, used 130719K [0x00000000c0000000, 0x00000000c8080000, 0x00000000eab00000)
  object space 131584K, 99% used [0x00000000c0000000,0x00000000c7fa7e20,0x00000000c8080000)
 Metaspace       used 6476K, capacity 7320K, committed 7680K, reserved 1056768K
  class space    used 617K, capacity 656K, committed 768K, reserved 1048576K
Event: 10.401 GC heap after
Heap after GC invocations=12 (full 2):
 PSYoungGen      total 226816K, used 43803K [0x00000000eab00000, 0x0000000100000000, 0x0000000100000000)
  eden space 177152K, 0% used [0x00000000eab00000,0x00000000eab00000,0x00000000f5800000)
  from space 49664K, 88% used [0x00000000fcf80000,0x00000000ffa46c28,0x0000000100000000)
  to   space 86016K, 0% used [0x00000000f5800000,0x00000000f5800000,0x00000000fac00000)
 ParOldGen       total 233472K, used 131188K [0x00000000c0000000, 0x00000000ce400000, 0x00000000eab00000)
  object space 233472K, 56% used [0x00000000c0000000,0x00000000c801d2b8,0x00000000ce400000)
 Metaspace       used 6476K, capacity 7320K, committed 7680K, reserved 1056768K
  class space    used 617K, capacity 656K, committed 768K, reserved 1048576K
}
Event: 11.214 GC heap before
{Heap before GC invocations=13 (full 2):
 PSYoungGen      total 226816K, used 220955K [0x00000000eab00000, 0x0000000100000000, 0x0000000100000000)
  eden space 177152K, 100% used [0x00000000eab00000,0x00000000f5800000,0x00000000f5800000)
  from space 49664K, 88% used [0x00000000fcf80000,0x00000000ffa46c28,0x0000000100000000)
  to   space 86016K, 0% used [0x00000000f5800000,0x00000000f5800000,0x00000000fac00000)
 ParOldGen       total 233472K, used 131188K [0x00000000c0000000, 0x00000000ce400000, 0x00000000eab00000)
  object space 233472K, 56% used [0x00000000c0000000,0x00000000c801d2b8,0x00000000ce400000)
 Metaspace       used 6478K, capacity 7320K, committed 7680K, reserved 1056768K
  class space    used 617K, capacity 656K, committed 768K, reserved 1048576K
Event: 11.458 GC heap after
Heap after GC invocations=13 (full 2):
 PSYoungGen      total 263168K, used 26675K [0x00000000eab00000, 0x0000000100000000, 0x0000000100000000)
  eden space 177152K, 0% used [0x00000000eab00000,0x00000000eab00000,0x00000000f5800000)
  from space 86016K, 31% used [0x00000000f5800000,0x00000000f720ce88,0x00000000fac00000)
  to   space 81408K, 0% used [0x00000000fb080000,0x00000000fb080000,0x0000000100000000)
 ParOldGen       total 233472K, used 175316K [0x00000000c0000000, 0x00000000ce400000, 0x00000000eab00000)
  object space 233472K, 75% used [0x00000000c0000000,0x00000000cab350f0,0x00000000ce400000)
 Metaspace       used 6478K, capacity 7320K, committed 7680K, reserved 1056768K
  class space    used 617K, capacity 656K, committed 768K, reserved 1048576K
}

